<?xml version="1.0" encoding="UTF-8"?>
<!-- Generated by org.testng.reporters.JUnitXMLReporter -->
<testsuite hostname="Muhammets-MacBook-Air.local" ignored="0" name="Verizon Functional Regression Test" tests="9" failures="0" timestamp="14 Jul 2020 17:24:38 GMT" time="35.848" errors="0">
  <testcase name="@BeforeTest setUp" time="25.559" classname="com.qa.verizon.tests.SmartPhonePageTest">
    <failure type="org.openqa.selenium.NoSuchElementException" message="no such element: Unable to locate element: {&amp;quot;method&amp;quot;:&amp;quot;xpath&amp;quot;,&amp;quot;selector&amp;quot;:&amp;quot;//li[@id=&amp;apos;secondLevel0&amp;apos;]//button[@class=&amp;apos;a11y-sr-only false&amp;apos;]&amp;quot;}
  (Session info: chrome=83.0.4103.116)
For documentation on this error, please visit: https://www.seleniumhq.org/exceptions/no_such_element.html
Build info: version: &amp;apos;3.141.59&amp;apos;, revision: &amp;apos;e82be7d358&amp;apos;, time: &amp;apos;2018-11-14T08:17:03&amp;apos;
System info: host: &amp;apos;Muhammets-MacBook-Air.local&amp;apos;, ip: &amp;apos;fe80:0:0:0:12:175c:6df2:4f02%en0&amp;apos;, os.name: &amp;apos;Mac OS X&amp;apos;, os.arch: &amp;apos;x86_64&amp;apos;, os.version: &amp;apos;10.15.5&amp;apos;, java.version: &amp;apos;1.8.0_241&amp;apos;
Driver info: org.openqa.selenium.chrome.ChromeDriver
Capabilities {acceptInsecureCerts: false, browserName: chrome, browserVersion: 83.0.4103.116, chrome: {chromedriverVersion: 83.0.4103.39 (ccbf011cb2d2b..., userDataDir: /var/folders/29/5jntssjs6bv...}, goog:chromeOptions: {debuggerAddress: localhost:50320}, javascriptEnabled: true, networkConnectionEnabled: false, pageLoadStrategy: normal, platform: MAC, platformName: MAC, proxy: Proxy(), setWindowRect: true, strictFileInteractability: false, timeouts: {implicit: 0, pageLoad: 300000, script: 30000}, unhandledPromptBehavior: dismiss and notify, webauthn:virtualAuthenticators: true}
Session ID: 6062eab1630319273eceb7bfcc825b2d
*** Element info: {Using=xpath, value=//li[@id=&amp;apos;secondLevel0&amp;apos;]//button[@class=&amp;apos;a11y-sr-only false&amp;apos;]}">
      <![CDATA[org.openqa.selenium.NoSuchElementException: no such element: Unable to locate element: {"method":"xpath","selector":"//li[@id='secondLevel0']//button[@class='a11y-sr-only false']"}
  (Session info: chrome=83.0.4103.116)
For documentation on this error, please visit: https://www.seleniumhq.org/exceptions/no_such_element.html
Build info: version: '3.141.59', revision: 'e82be7d358', time: '2018-11-14T08:17:03'
System info: host: 'Muhammets-MacBook-Air.local', ip: 'fe80:0:0:0:12:175c:6df2:4f02%en0', os.name: 'Mac OS X', os.arch: 'x86_64', os.version: '10.15.5', java.version: '1.8.0_241'
Driver info: org.openqa.selenium.chrome.ChromeDriver
Capabilities {acceptInsecureCerts: false, browserName: chrome, browserVersion: 83.0.4103.116, chrome: {chromedriverVersion: 83.0.4103.39 (ccbf011cb2d2b..., userDataDir: /var/folders/29/5jntssjs6bv...}, goog:chromeOptions: {debuggerAddress: localhost:50320}, javascriptEnabled: true, networkConnectionEnabled: false, pageLoadStrategy: normal, platform: MAC, platformName: MAC, proxy: Proxy(), setWindowRect: true, strictFileInteractability: false, timeouts: {implicit: 0, pageLoad: 300000, script: 30000}, unhandledPromptBehavior: dismiss and notify, webauthn:virtualAuthenticators: true}
Session ID: 6062eab1630319273eceb7bfcc825b2d
*** Element info: {Using=xpath, value=//li[@id='secondLevel0']//button[@class='a11y-sr-only false']}
	at org.openqa.selenium.remote.http.W3CHttpResponseCodec.createException(W3CHttpResponseCodec.java:187)
	at org.openqa.selenium.remote.http.W3CHttpResponseCodec.decode(W3CHttpResponseCodec.java:122)
	at org.openqa.selenium.remote.http.W3CHttpResponseCodec.decode(W3CHttpResponseCodec.java:49)
	at org.openqa.selenium.remote.HttpCommandExecutor.execute(HttpCommandExecutor.java:158)
	at org.openqa.selenium.remote.service.DriverCommandExecutor.execute(DriverCommandExecutor.java:83)
	at org.openqa.selenium.remote.RemoteWebDriver.execute(RemoteWebDriver.java:552)
	at org.openqa.selenium.remote.RemoteWebDriver.findElement(RemoteWebDriver.java:323)
	at org.openqa.selenium.remote.RemoteWebDriver.findElementByXPath(RemoteWebDriver.java:428)
	at org.openqa.selenium.By$ByXPath.findElement(By.java:353)
	at org.openqa.selenium.remote.RemoteWebDriver.findElement(RemoteWebDriver.java:315)
	at com.qa.verizon.pages.HomePage.selectPhone(HomePage.java:38)
	at com.qa.verizon.tests.SmartPhonePageTest.setUp(SmartPhonePageTest.java:31)
... Removed 27 stack frames]]>
    </failure>
  </testcase> <!-- @BeforeTest setUp -->
  <testcase name="@BeforeTest setUp" time="0.0" classname="com.qa.verizon.tests.iphoneXRPageTest">
    <skipped/>
  </testcase> <!-- @BeforeTest setUp -->
  <testcase name="@AfterTest tearDown" time="0.0" classname="com.qa.verizon.tests.HomePageTest1">
    <skipped/>
  </testcase> <!-- @AfterTest tearDown -->
  <testcase name="@AfterTest teardown" time="0.0" classname="com.qa.verizon.tests.SmartPhonePageTest">
    <skipped/>
  </testcase> <!-- @AfterTest teardown -->
  <testcase name="@AfterTest teardown" time="0.0" classname="com.qa.verizon.tests.iphoneXRPageTest">
    <skipped/>
  </testcase> <!-- @AfterTest teardown -->
  <testcase name="verifyHomePageTitleTest" time="0.0" classname="com.qa.verizon.tests.HomePageTest1">
    <skipped/>
  </testcase> <!-- verifyHomePageTitleTest -->
  <testcase name="verifyIphoneXRPageTitleTest" time="0.0" classname="com.qa.verizon.tests.iphoneXRPageTest">
    <skipped/>
  </testcase> <!-- verifyIphoneXRPageTitleTest -->
  <testcase name="verifySmartPhonesPageTitleTest" time="0.0" classname="com.qa.verizon.tests.SmartPhonePageTest">
    <skipped/>
  </testcase> <!-- verifySmartPhonesPageTitleTest -->
  <testcase name="hooverOverAncClickTest" time="0.0" classname="com.qa.verizon.tests.HomePageTest1">
    <skipped/>
  </testcase> <!-- hooverOverAncClickTest -->
  <testcase name="chooseColorPrice" time="0.0" classname="com.qa.verizon.tests.iphoneXRPageTest">
    <skipped/>
  </testcase> <!-- chooseColorPrice -->
  <testcase name="clickIphoneXRTest" time="0.0" classname="com.qa.verizon.tests.SmartPhonePageTest">
    <skipped/>
  </testcase> <!-- clickIphoneXRTest -->
  <testcase name="enterZipcode" time="0.0" classname="com.qa.verizon.tests.iphoneXRPageTest">
    <skipped/>
  </testcase> <!-- enterZipcode -->
  <testcase name="Customizer" time="0.0" classname="com.qa.verizon.tests.iphoneXRPageTest">
    <skipped/>
  </testcase> <!-- Customizer -->
  <testcase name="veriyPhoneNamee" time="0.0" classname="com.qa.verizon.tests.iphoneXRPageTest">
    <skipped/>
  </testcase> <!-- veriyPhoneNamee -->
</testsuite> <!-- Verizon Functional Regression Test -->
