<?xml version="1.0" encoding="UTF-8"?>
<testng-results skipped="0" failed="2" ignored="0" total="5" passed="3">
  <reporter-output>
  </reporter-output>
  <suite name="Default suite" duration-ms="66578" started-at="2020-08-04T14:05:13 CDT" finished-at="2020-08-04T14:06:20 CDT">
    <groups>
    </groups>
    <test name="Default test" duration-ms="66578" started-at="2020-08-04T14:05:13 CDT" finished-at="2020-08-04T14:06:20 CDT">
      <class name="com.qa.verizon.tests.iphoneXRPageTest">
        <test-method status="PASS" signature="setUp()[pri:0, instance:com.qa.verizon.tests.iphoneXRPageTest@6895a785]" name="setUp" is-config="true" duration-ms="18534" started-at="2020-08-04T14:05:13 CDT" finished-at="2020-08-04T14:05:32 CDT">
          <reporter-output>
          </reporter-output>
        </test-method> <!-- setUp -->
        <test-method status="FAIL" signature="verifyIphoneXRPageTitleTest()[pri:1, instance:com.qa.verizon.tests.iphoneXRPageTest@6895a785]" name="verifyIphoneXRPageTitleTest" duration-ms="54" started-at="2020-08-04T14:05:32 CDT" description="get iphoneXR page title" finished-at="2020-08-04T14:05:32 CDT">
          <exception class="java.lang.AssertionError">
            <message>
              <![CDATA[expected [Apple iPhone XR: 6 Colors in 64, 256 & 512 GB | Verizon] but found []]]>
            </message>
            <full-stacktrace>
              <![CDATA[java.lang.AssertionError: expected [Apple iPhone XR: 6 Colors in 64, 256 & 512 GB | Verizon] but found []
at org.testng.Assert.fail(Assert.java:97)
at org.testng.Assert.assertEqualsImpl(Assert.java:136)
at org.testng.Assert.assertEquals(Assert.java:118)
at org.testng.Assert.assertEquals(Assert.java:575)
at org.testng.Assert.assertEquals(Assert.java:585)
at com.qa.verizon.tests.iphoneXRPageTest.verifyIphoneXRPageTitleTest(iphoneXRPageTest.java:39)
at sun.reflect.NativeMethodAccessorImpl.invoke0(Native Method)
at sun.reflect.NativeMethodAccessorImpl.invoke(NativeMethodAccessorImpl.java:62)
at sun.reflect.DelegatingMethodAccessorImpl.invoke(DelegatingMethodAccessorImpl.java:43)
at java.lang.reflect.Method.invoke(Method.java:498)
at org.testng.internal.MethodInvocationHelper.invokeMethod(MethodInvocationHelper.java:135)
at org.testng.internal.TestInvoker.invokeMethod(TestInvoker.java:598)
at org.testng.internal.TestInvoker.invokeTestMethod(TestInvoker.java:174)
at org.testng.internal.MethodRunner.runInSequence(MethodRunner.java:46)
at org.testng.internal.TestInvoker$MethodInvocationAgent.invoke(TestInvoker.java:821)
at org.testng.internal.TestInvoker.invokeTestMethods(TestInvoker.java:147)
at org.testng.internal.TestMethodWorker.invokeTestMethods(TestMethodWorker.java:146)
at org.testng.internal.TestMethodWorker.run(TestMethodWorker.java:128)
at java.util.ArrayList.forEach(ArrayList.java:1259)
at org.testng.TestRunner.privateRun(TestRunner.java:767)
at org.testng.TestRunner.run(TestRunner.java:588)
at org.testng.SuiteRunner.runTest(SuiteRunner.java:384)
at org.testng.SuiteRunner.runSequentially(SuiteRunner.java:378)
at org.testng.SuiteRunner.privateRun(SuiteRunner.java:337)
at org.testng.SuiteRunner.run(SuiteRunner.java:286)
at org.testng.SuiteRunnerWorker.runSuite(SuiteRunnerWorker.java:53)
at org.testng.SuiteRunnerWorker.run(SuiteRunnerWorker.java:96)
at org.testng.TestNG.runSuitesSequentially(TestNG.java:1214)
at org.testng.TestNG.runSuitesLocally(TestNG.java:1136)
at org.testng.TestNG.runSuites(TestNG.java:1066)
at org.testng.TestNG.run(TestNG.java:1034)
at org.testng.remote.AbstractRemoteTestNG.run(AbstractRemoteTestNG.java:115)
at org.testng.remote.RemoteTestNG.initAndRun(RemoteTestNG.java:251)
at org.testng.remote.RemoteTestNG.main(RemoteTestNG.java:77)
]]>
            </full-stacktrace>
          </exception> <!-- java.lang.AssertionError -->
          <reporter-output>
          </reporter-output>
        </test-method> <!-- verifyIphoneXRPageTitleTest -->
        <test-method status="PASS" signature="chooseColorPrice()[pri:2, instance:com.qa.verizon.tests.iphoneXRPageTest@6895a785]" name="chooseColorPrice" duration-ms="12041" started-at="2020-08-04T14:05:32 CDT" finished-at="2020-08-04T14:05:44 CDT">
          <reporter-output>
          </reporter-output>
        </test-method> <!-- chooseColorPrice -->
        <test-method status="PASS" signature="enterZipcode()[pri:3, instance:com.qa.verizon.tests.iphoneXRPageTest@6895a785]" name="enterZipcode" duration-ms="6726" started-at="2020-08-04T14:05:44 CDT" finished-at="2020-08-04T14:05:51 CDT">
          <reporter-output>
          </reporter-output>
        </test-method> <!-- enterZipcode -->
        <test-method status="PASS" signature="Customizer()[pri:4, instance:com.qa.verizon.tests.iphoneXRPageTest@6895a785]" name="Customizer" duration-ms="5069" started-at="2020-08-04T14:05:51 CDT" finished-at="2020-08-04T14:05:56 CDT">
          <reporter-output>
          </reporter-output>
        </test-method> <!-- Customizer -->
        <test-method status="FAIL" signature="veriyPhoneNamee()[pri:5, instance:com.qa.verizon.tests.iphoneXRPageTest@6895a785]" name="veriyPhoneNamee" duration-ms="23681" started-at="2020-08-04T14:05:56 CDT" finished-at="2020-08-04T14:06:19 CDT">
          <exception class="java.lang.AssertionError">
            <message>
              <![CDATA[expected [iPhone® XR] but found [null]]]>
            </message>
            <full-stacktrace>
              <![CDATA[java.lang.AssertionError: expected [iPhone® XR] but found [null]
at org.testng.Assert.fail(Assert.java:97)
at org.testng.Assert.failNotEquals(Assert.java:968)
at org.testng.Assert.assertEqualsImpl(Assert.java:131)
at org.testng.Assert.assertEquals(Assert.java:118)
at org.testng.Assert.assertEquals(Assert.java:575)
at org.testng.Assert.assertEquals(Assert.java:585)
at com.qa.verizon.pages.iphoneXR.verifyPhone(iphoneXR.java:64)
at com.qa.verizon.tests.iphoneXRPageTest.veriyPhoneNamee(iphoneXRPageTest.java:55)
at sun.reflect.NativeMethodAccessorImpl.invoke0(Native Method)
at sun.reflect.NativeMethodAccessorImpl.invoke(NativeMethodAccessorImpl.java:62)
at sun.reflect.DelegatingMethodAccessorImpl.invoke(DelegatingMethodAccessorImpl.java:43)
at java.lang.reflect.Method.invoke(Method.java:498)
at org.testng.internal.MethodInvocationHelper.invokeMethod(MethodInvocationHelper.java:135)
at org.testng.internal.TestInvoker.invokeMethod(TestInvoker.java:598)
at org.testng.internal.TestInvoker.invokeTestMethod(TestInvoker.java:174)
at org.testng.internal.MethodRunner.runInSequence(MethodRunner.java:46)
at org.testng.internal.TestInvoker$MethodInvocationAgent.invoke(TestInvoker.java:821)
at org.testng.internal.TestInvoker.invokeTestMethods(TestInvoker.java:147)
at org.testng.internal.TestMethodWorker.invokeTestMethods(TestMethodWorker.java:146)
at org.testng.internal.TestMethodWorker.run(TestMethodWorker.java:128)
at java.util.ArrayList.forEach(ArrayList.java:1259)
at org.testng.TestRunner.privateRun(TestRunner.java:767)
at org.testng.TestRunner.run(TestRunner.java:588)
at org.testng.SuiteRunner.runTest(SuiteRunner.java:384)
at org.testng.SuiteRunner.runSequentially(SuiteRunner.java:378)
at org.testng.SuiteRunner.privateRun(SuiteRunner.java:337)
at org.testng.SuiteRunner.run(SuiteRunner.java:286)
at org.testng.SuiteRunnerWorker.runSuite(SuiteRunnerWorker.java:53)
at org.testng.SuiteRunnerWorker.run(SuiteRunnerWorker.java:96)
at org.testng.TestNG.runSuitesSequentially(TestNG.java:1214)
at org.testng.TestNG.runSuitesLocally(TestNG.java:1136)
at org.testng.TestNG.runSuites(TestNG.java:1066)
at org.testng.TestNG.run(TestNG.java:1034)
at org.testng.remote.AbstractRemoteTestNG.run(AbstractRemoteTestNG.java:115)
at org.testng.remote.RemoteTestNG.initAndRun(RemoteTestNG.java:251)
at org.testng.remote.RemoteTestNG.main(RemoteTestNG.java:77)
]]>
            </full-stacktrace>
          </exception> <!-- java.lang.AssertionError -->
          <reporter-output>
          </reporter-output>
        </test-method> <!-- veriyPhoneNamee -->
        <test-method status="PASS" signature="teardown()[pri:0, instance:com.qa.verizon.tests.iphoneXRPageTest@6895a785]" name="teardown" is-config="true" duration-ms="391" started-at="2020-08-04T14:06:19 CDT" finished-at="2020-08-04T14:06:20 CDT">
          <reporter-output>
          </reporter-output>
        </test-method> <!-- teardown -->
      </class> <!-- com.qa.verizon.tests.iphoneXRPageTest -->
    </test> <!-- Default test -->
  </suite> <!-- Default suite -->
</testng-results>
